Using pre-set license
Built from '2020.3/staging' branch; Version is '2020.3.19f1 (68f137dc9bbe) revision 6877495'; Using compiler version '192528614'; Build Type 'Release'
OS: 'Windows 10 Pro; OS build 19042.1466; Version 2009; 64bit' Language: 'en' Physical Memory: 16272 MB
BatchMode: 1, IsHumanControllingUs: 0, StartBugReporterOnCrash: 0, Is64bit: 1, IsPro: 0

COMMAND LINE ARGUMENTS:
D:\Unity\GameMaker\2020.3.19f1\Editor\Unity.exe
-adb2
-batchMode
-noUpm
-name
AssetImportWorker0
-projectPath
D:/Study/Project/TETGame
-logFile
Logs/AssetImportWorker0.log
-srvPort
57079
Successfully changed project path to: D:/Study/Project/TETGame
D:/Study/Project/TETGame
Using Asset Import Pipeline V2.
Refreshing native plugins compatible for Editor in 41.47 ms, found 3 plugins.
Preloading 0 native plugins for Editor in 0.00 ms.
Initialize engine version: 2020.3.19f1 (68f137dc9bbe)
[Subsystems] Discovering subsystems at path D:/Unity/GameMaker/2020.3.19f1/Editor/Data/Resources/UnitySubsystems
[Subsystems] Discovering subsystems at path D:/Study/Project/TETGame/Assets
GfxDevice: creating device client; threaded=0
Direct3D:
    Version:  Direct3D 11.0 [level 11.1]
    Renderer: NVIDIA GeForce GTX 1050 Ti (ID=0x1c82)
    Vendor:   
    VRAM:     4018 MB
    Driver:   27.21.14.5671
Initialize mono
Mono path[0] = 'D:/Unity/GameMaker/2020.3.19f1/Editor/Data/Managed'
Mono path[1] = 'D:/Unity/GameMaker/2020.3.19f1/Editor/Data/MonoBleedingEdge/lib/mono/unityjit'
Mono config path = 'D:/Unity/GameMaker/2020.3.19f1/Editor/Data/MonoBleedingEdge/etc'
Using monoOptions --debugger-agent=transport=dt_socket,embedding=1,server=y,suspend=n,address=127.0.0.1:56108
Begin MonoManager ReloadAssembly
Registering precompiled unity dll's ...
Register platform support module: D:/Unity/GameMaker/2020.3.19f1/Editor/Data/PlaybackEngines/WebGLSupport/UnityEditor.WebGL.Extensions.dll
Register platform support module: D:/Unity/GameMaker/2020.3.19f1/Editor/Data/PlaybackEngines/WindowsStandaloneSupport/UnityEditor.WindowsStandalone.Extensions.dll
Registered in 0.000977 seconds.
Native extension for WindowsStandalone target not found
Native extension for WebGL target not found
Refreshing native plugins compatible for Editor in 37.95 ms, found 3 plugins.
Preloading 0 native plugins for Editor in 0.00 ms.
Mono: successfully reloaded assembly
- Completed reload, in  0.827 seconds
Domain Reload Profiling:
	ReloadAssembly (827ms)
		BeginReloadAssembly (46ms)
			ExecutionOrderSort (0ms)
			DisableScriptedObjects (0ms)
			BackupInstance (0ms)
			ReleaseScriptingObjects (0ms)
			CreateAndSetChildDomain (1ms)
		EndReloadAssembly (377ms)
			LoadAssemblies (46ms)
			RebuildTransferFunctionScriptingTraits (0ms)
			SetupTypeCache (133ms)
			ReleaseScriptCaches (0ms)
			RebuildScriptCaches (27ms)
			SetupLoadedEditorAssemblies (153ms)
				LogAssemblyErrors (0ms)
				InitializePlatformSupportModulesInManaged (4ms)
				SetLoadedEditorAssemblies (0ms)
				RefreshPlugins (38ms)
				BeforeProcessingInitializeOnLoad (16ms)
				ProcessInitializeOnLoadAttributes (69ms)
				ProcessInitializeOnLoadMethodAttributes (25ms)
				AfterProcessingInitializeOnLoad (0ms)
				EditorAssembliesLoaded (0ms)
			ExecutionOrderSort2 (0ms)
			AwakeInstancesAfterBackupRestoration (0ms)
Platform modules already initialized, skipping
Registering precompiled user dll's ...
Registered in 0.001725 seconds.
Begin MonoManager ReloadAssembly
Native extension for WindowsStandalone target not found
Native extension for WebGL target not found
Refreshing native plugins compatible for Editor in 36.60 ms, found 3 plugins.
Preloading 0 native plugins for Editor in 0.00 ms.
Mono: successfully reloaded assembly
- Completed reload, in  0.958 seconds
Domain Reload Profiling:
	ReloadAssembly (959ms)
		BeginReloadAssembly (123ms)
			ExecutionOrderSort (0ms)
			DisableScriptedObjects (4ms)
			BackupInstance (0ms)
			ReleaseScriptingObjects (0ms)
			CreateAndSetChildDomain (15ms)
		EndReloadAssembly (786ms)
			LoadAssemblies (75ms)
			RebuildTransferFunctionScriptingTraits (0ms)
			SetupTypeCache (266ms)
			ReleaseScriptCaches (0ms)
			RebuildScriptCaches (42ms)
			SetupLoadedEditorAssemblies (291ms)
				LogAssemblyErrors (0ms)
				InitializePlatformSupportModulesInManaged (4ms)
				SetLoadedEditorAssemblies (0ms)
				RefreshPlugins (37ms)
				BeforeProcessingInitializeOnLoad (63ms)
				ProcessInitializeOnLoadAttributes (173ms)
				ProcessInitializeOnLoadMethodAttributes (12ms)
				AfterProcessingInitializeOnLoad (2ms)
				EditorAssembliesLoaded (0ms)
			ExecutionOrderSort2 (0ms)
			AwakeInstancesAfterBackupRestoration (6ms)
Platform modules already initialized, skipping
========================================================================
Worker process is ready to serve import requests
Launched and connected shader compiler UnityShaderCompiler.exe after 0.06 seconds
Refreshing native plugins compatible for Editor in 0.44 ms, found 3 plugins.
Preloading 0 native plugins for Editor in 0.00 ms.
Unloading 2100 Unused Serialized files (Serialized files now loaded: 0)
System memory in use before: 93.3 MB.
System memory in use after: 93.4 MB.

Unloading 25 unused Assets to reduce memory usage. Loaded Objects now: 2541.
Total: 2.654200 ms (FindLiveObjects: 0.212700 ms CreateObjectMapping: 0.092700 ms MarkObjects: 2.327800 ms  DeleteObjects: 0.020100 ms)

AssetImportParameters requested are different than current active one (requested -> active):
  custom:framework-win-MediaFoundation: 216162199b28c13a410421893ffa2e32 -> 
  custom:video-decoder-ogg-theora: a1e56fd34408186e4bbccfd4996cb3dc -> 
  custom:container-muxer-webm: aa71ff27fc2769a1b78a27578f13a17b -> 
  custom:container-demuxer-webm: 4f35f7cbe854078d1ac9338744f61a02 -> 
  custom:container-demuxer-ogg: 62fdf1f143b41e24485cea50d1cbac27 -> 
  custom:video-encoder-webm-vp8: eb34c28f22e8b96e1ab97ce403110664 -> 
  custom:video-decoder-webm-vp8: 9c59270c3fd7afecdb556c50c9e8de78 -> 
  custom:audio-decoder-ogg-vorbis: bf7c407c2cedff20999df2af8eb42d56 -> 
  custom:audio-encoder-webm-vorbis: bf7c407c2cedff20999df2af8eb42d56 -> 
========================================================================
Received Import Request.
  path: Assets/Scenes/Level3_CrossWord.unity
  artifactKey: Guid(ca18815c3346ab9439ca09dca0e76849) Importer(815301076,1909f56bfc062723c751e8b465ee728b)
Start importing Assets/Scenes/Level3_CrossWord.unity using Guid(ca18815c3346ab9439ca09dca0e76849) Importer(815301076,1909f56bfc062723c751e8b465ee728b)  -> (artifact id: 'dc2c41a2fb50a5493829fd944214c106') in 0.013516 seconds 
  Import took 0.016223 seconds .

========================================================================
Received Import Request.
  Time since last request: 38.216042 seconds.
  path: Assets/Scenes/Level2_Sliding.unity
  artifactKey: Guid(5cdf29241fff2ba4e85ad62daa1bedfb) Importer(815301076,1909f56bfc062723c751e8b465ee728b)
Start importing Assets/Scenes/Level2_Sliding.unity using Guid(5cdf29241fff2ba4e85ad62daa1bedfb) Importer(815301076,1909f56bfc062723c751e8b465ee728b)  -> (artifact id: '2f422c2e9dfecd9a44fdfec17fa3fdee') in 0.006210 seconds 
  Import took 0.009344 seconds .

========================================================================
Received Import Request.
  Time since last request: 33.068991 seconds.
  path: Assets/Sprites/frame2.jpeg
  artifactKey: Guid(050664e8b5c7d9b469ca3251defe776a) Importer(815301076,1909f56bfc062723c751e8b465ee728b)
Start importing Assets/Sprites/frame2.jpeg using Guid(050664e8b5c7d9b469ca3251defe776a) Importer(815301076,1909f56bfc062723c751e8b465ee728b)  -> (artifact id: '11b8422295576e22f47a5db769cee6be') in 0.082152 seconds 
  Import took 0.085177 seconds .

========================================================================
Received Import Request.
  Time since last request: 337.401451 seconds.
  path: Assets/Scenes/Level1_Puzzle.unity
  artifactKey: Guid(3fb5248c02bdc8b4b8f29d76e27b8278) Importer(815301076,1909f56bfc062723c751e8b465ee728b)
Start importing Assets/Scenes/Level1_Puzzle.unity using Guid(3fb5248c02bdc8b4b8f29d76e27b8278) Importer(815301076,1909f56bfc062723c751e8b465ee728b)  -> (artifact id: 'b8f96364b87d15fe89e9d678a80a814a') in 0.006541 seconds 
  Import took 0.010187 seconds .

========================================================================
Received Import Request.
  Time since last request: 29.056897 seconds.
  path: Assets/Scenes/Level3_CrossWord.unity
  artifactKey: Guid(ca18815c3346ab9439ca09dca0e76849) Importer(815301076,1909f56bfc062723c751e8b465ee728b)
Start importing Assets/Scenes/Level3_CrossWord.unity using Guid(ca18815c3346ab9439ca09dca0e76849) Importer(815301076,1909f56bfc062723c751e8b465ee728b)  -> (artifact id: 'ba48d30dc7ac453a9c743d8fbc5a2560') in 0.002656 seconds 
  Import took 0.005682 seconds .

========================================================================
Received Import Request.
  Time since last request: 7318.199738 seconds.
  path: Assets/Scenes/Level3_CrossWord.unity
  artifactKey: Guid(ca18815c3346ab9439ca09dca0e76849) Importer(815301076,1909f56bfc062723c751e8b465ee728b)
Start importing Assets/Scenes/Level3_CrossWord.unity using Guid(ca18815c3346ab9439ca09dca0e76849) Importer(815301076,1909f56bfc062723c751e8b465ee728b)  -> (artifact id: 'dc88220410584d63afc7f1bc0974ea0d') in 0.008200 seconds 
  Import took 0.014885 seconds .

========================================================================
Received Import Request.
  Time since last request: 9.737369 seconds.
  path: Assets/Scripts/Level3
  artifactKey: Guid(0b446358ce6b4bc40bec509dee3d238a) Importer(815301076,1909f56bfc062723c751e8b465ee728b)
Start importing Assets/Scripts/Level3 using Guid(0b446358ce6b4bc40bec509dee3d238a) Importer(815301076,1909f56bfc062723c751e8b465ee728b)  -> (artifact id: '36c82ec2612aed084d9442384aeb2977') in 0.006056 seconds 
  Import took 0.009133 seconds .

AssetImportWorkerClient::OnTransportError - code=2 error=End of file
